<?xml version="1.0" encoding="UTF-8"?>
<testng-results skipped="0" failed="0" total="1" passed="1">
  <reporter-output>
  </reporter-output>
  <suite name="Suite" duration-ms="419" started-at="2016-12-06T21:05:10Z" finished-at="2016-12-06T21:05:11Z">
    <groups>
    </groups>
    <test name="Test" duration-ms="419" started-at="2016-12-06T21:05:10Z" finished-at="2016-12-06T21:05:11Z">
      <class name="jdbc.Emp1_main">
        <test-method status="PASS" signature="jd1()[pri:0, instance:jdbc.Emp1_main@1f256fa]" name="jd1" duration-ms="394" started-at="2016-12-07T02:35:10Z" finished-at="2016-12-07T02:35:11Z">
          <reporter-output>
          </reporter-output>
        </test-method> <!-- jd1 -->
      </class> <!-- jdbc.Emp1_main -->
    </test> <!-- Test -->
  </suite> <!-- Suite -->
</testng-results>
