<?xml version="1.0" encoding="UTF-8"?>
<testng-results skipped="0" failed="0" total="1" passed="1">
  <reporter-output>
  </reporter-output>
  <suite name="Default suite" duration-ms="144" started-at="2016-12-08T18:11:19Z" finished-at="2016-12-08T18:11:19Z">
    <groups>
    </groups>
    <test name="Default test" duration-ms="144" started-at="2016-12-08T18:11:19Z" finished-at="2016-12-08T18:11:19Z">
      <class name="thread.ProducerConsumerSolution1">
        <test-method status="PASS" signature="produce_consume()[pri:0, instance:thread.ProducerConsumerSolution1@18355a8]" name="produce_consume" duration-ms="55" started-at="2016-12-08T23:41:19Z" finished-at="2016-12-08T23:41:19Z">
          <reporter-output>
          </reporter-output>
        </test-method> <!-- produce_consume -->
      </class> <!-- thread.ProducerConsumerSolution1 -->
    </test> <!-- Default test -->
  </suite> <!-- Default suite -->
</testng-results>
